<?xml version="1.0" encoding="utf-8"?><testsuites name="pytest tests"><testsuite name="pytest" errors="0" failures="0" skipped="0" tests="16" time="64.205" timestamp="2026-05-27T04:05:12.432323+00:00" hostname="agent-env-46739ee6-dbf3-4b32-92da-6689ffd080fe"><testcase classname="backend.tests.test_social_api.TestBasics" name="test_root" time="0.801" /><testcase classname="backend.tests.test_social_api.TestBasics" name="test_accounts_requires_auth" time="0.154" /><testcase classname="backend.tests.test_social_api.TestBasics" name="test_post_requires_auth" time="0.151" /><testcase classname="backend.tests.test_social_api.TestBasics" name="test_schedule_requires_auth" time="0.140" /><testcase classname="backend.tests.test_social_api.TestAccounts" name="test_accounts_empty_initially" time="0.108" /><testcase classname="backend.tests.test_social_api.TestAccounts" name="test_demo_connect_twitter" time="0.174" /><testcase classname="backend.tests.test_social_api.TestAccounts" name="test_accounts_lists_demo" time="0.120" /><testcase classname="backend.tests.test_social_api.TestAccounts" name="test_oauth_start_demo_mode" time="0.118" /><testcase classname="backend.tests.test_social_api.TestPostNow" name="test_post_now_demo" time="0.178" /><testcase classname="backend.tests.test_social_api.TestPostNow" name="test_post_no_account" time="0.104" /><testcase classname="backend.tests.test_social_api.TestSchedule" name="test_schedule_past_400" time="0.118" /><testcase classname="backend.tests.test_social_api.TestSchedule" name="test_schedule_future_ok" time="0.110" /><testcase classname="backend.tests.test_social_api.TestSchedule" name="test_list_scheduled" time="0.095" /><testcase classname="backend.tests.test_social_api.TestSchedule" name="test_cancel_scheduled" time="0.219" /><testcase classname="backend.tests.test_social_api.TestDeleteAccount" name="test_delete_demo_account" time="0.310" /><testcase classname="backend.tests.test_social_api.TestSchedulerWorker" name="test_scheduled_post_gets_processed" time="61.118" /></testsuite></testsuites>